<?xml version="1.0" encoding="UTF-8"?>
<testsuite xmlns:xsi="http://www.w3.org/2001/XMLSchema-instance" xsi:noNamespaceSchemaLocation="https://maven.apache.org/surefire/maven-surefire-plugin/xsd/surefire-test-report-3.0.xsd" version="3.0" name="weather.system.WeatherDataTest" time="0.018" tests="8" errors="0" skipped="0" failures="0">
  <properties>
[...]
</properties>
  <testcase name="testInvalidJsonHandling" classname="weather.system.WeatherDataTest" time="0.006">
    <system-out><![CDATA[TEST: Invalid JSON handling
✓ Invalid JSON properly throws exception: JsonSyntaxException
]]></system-out>
  </testcase>
  <testcase name="testMissingFieldsInJson" classname="weather.system.WeatherDataTest" time="0.001">
    <system-out><![CDATA[TEST: JSON with missing fields
✓ Missing fields handled correctly
]]></system-out>
  </testcase>
  <testcase name="testTimestampUpdating" classname="weather.system.WeatherDataTest" time="0.012">
    <system-out><![CDATA[TEST: Timestamp updating
✓ Timestamp updating works correctly
]]></system-out>
  </testcase>
  <testcase name="testJsonDeserialization" classname="weather.system.WeatherDataTest" time="0">
    <system-out><![CDATA[TEST: JSON deserialization
✓ JSON deserialization works correctly
]]></system-out>
  </testcase>
  <testcase name="testWeatherDataCreation" classname="weather.system.WeatherDataTest" time="0">
    <system-out><![CDATA[TEST: Weather data object creation
✓ Weather data creation works correctly
]]></system-out>
  </testcase>
  <testcase name="testDataExpiry" classname="weather.system.WeatherDataTest" time="0">
    <system-out><![CDATA[TEST: Data expiry mechanism
✓ Data expiry mechanism works correctly
]]></system-out>
  </testcase>
  <testcase name="testJsonSerialization" classname="weather.system.WeatherDataTest" time="0.001">
    <system-out><![CDATA[TEST: JSON serialization
Generated JSON:
{
  "id": "IDS60901",
  "name": "Adelaide (West Terrace)",
  "state": "SA",
  "time_zone": "CST",
  "lat": -34.9,
  "lon": 138.6,
  "local_date_time": "15/04:00pm",
  "local_date_time_full": "20230715...
✓ JSON serialization works correctly
]]></system-out>
  </testcase>
  <testcase name="testRoundTripJsonConversion" classname="weather.system.WeatherDataTest" time="0.001">
    <system-out><![CDATA[TEST: Round-trip JSON conversion
✓ Round-trip JSON conversion works correctly
]]></system-out>
  </testcase>
</testsuite>