<?xml version="1.0" encoding="UTF-8"?>
<testsuite xmlns:xsi="http://www.w3.org/2001/XMLSchema-instance" xsi:noNamespaceSchemaLocation="https://maven.apache.org/surefire/maven-surefire-plugin/xsd/surefire-test-report-3.0.xsd" version="3.0" name="weather.system.LamportClockTest" time="0.01" tests="7" errors="0" skipped="0" failures="0">
  <properties>
[...]
</properties>
  <testcase name="testUpdateWithHigherClock" classname="weather.system.LamportClockTest" time="0.003">
    <system-out><![CDATA[TEST: Update with higher received clock
✓ Update with higher clock works correctly
]]></system-out>
  </testcase>
  <testcase name="testInitialClockValue" classname="weather.system.LamportClockTest" time="0.002">
    <system-out><![CDATA[TEST: Initial clock value should be 0
✓ Initial clock value is correct
]]></system-out>
  </testcase>
  <testcase name="testLamportClockAlgorithmScenario" classname="weather.system.LamportClockTest" time="0.009">
    <system-out><![CDATA[TEST: Complete Lamport clock communication scenario
Process 1 sends message with clock: 3
Process 2 receives message, updates clock to: 4
✓ Lamport clock algorithm scenario works correctly
]]></system-out>
  </testcase>
  <testcase name="testUpdateWithLowerClock" classname="weather.system.LamportClockTest" time="0.001">
    <system-out><![CDATA[TEST: Update with lower received clock
✓ Update with lower clock works correctly
]]></system-out>
  </testcase>
  <testcase name="testConcurrentTicks" classname="weather.system.LamportClockTest" time="0.002">
    <system-out><![CDATA[TEST: Concurrent tick operations (thread safety)
✓ Concurrent operations maintain correctness
]]></system-out>
  </testcase>
  <testcase name="testTickIncrement" classname="weather.system.LamportClockTest" time="0.002">
    <system-out><![CDATA[TEST: Clock tick should increment by 1
✓ Clock tick increments correctly
]]></system-out>
  </testcase>
  <testcase name="testMultipleTicks" classname="weather.system.LamportClockTest" time="0.002">
    <system-out><![CDATA[TEST: Multiple ticks should increment sequentially
✓ Multiple ticks work correctly
]]></system-out>
  </testcase>
</testsuite>